This is pdfTeX, Version 3.141592653-2.6-1.40.25 (TeX Live 2023) (preloaded format=pdflatex 2024.1.29)  29 JAN 2024 14:12
entering extended mode
 restricted \write18 enabled.
 %&-line parsing enabled.
**Data_Report.tex
(./Data_Report.tex
LaTeX2e <2023-11-01> patch level 1
L3 programming layer <2024-01-22>
(/Users/hannahschweren/Library/TinyTeX/texmf-dist/tex/latex/base/article.cls
Document Class: article 2023/05/17 v1.4n Standard LaTeX document class
(/Users/hannahschweren/Library/TinyTeX/texmf-dist/tex/latex/base/size10.clo
File: size10.clo 2023/05/17 v1.4n Standard LaTeX file (size option)
)
\c@part=\count187
\c@section=\count188
\c@subsection=\count189
\c@subsubsection=\count190
\c@paragraph=\count191
\c@subparagraph=\count192
\c@figure=\count193
\c@table=\count194
\abovecaptionskip=\skip48
\belowcaptionskip=\skip49
\bibindent=\dimen140
) (/Users/hannahschweren/Library/TinyTeX/texmf-dist/tex/latex/amsmath/amsmath.sty
Package: amsmath 2023/05/13 v2.17o AMS math features
\@mathmargin=\skip50
For additional information on amsmath, use the `?' option.
(/Users/hannahschweren/Library/TinyTeX/texmf-dist/tex/latex/amsmath/amstext.sty
Package: amstext 2021/08/26 v2.01 AMS text
(/Users/hannahschweren/Library/TinyTeX/texmf-dist/tex/latex/amsmath/amsgen.sty
File: amsgen.sty 1999/11/30 v2.0 generic functions
\@emptytoks=\toks17
\ex@=\dimen141
)) (/Users/hannahschweren/Library/TinyTeX/texmf-dist/tex/latex/amsmath/amsbsy.sty
Package: amsbsy 1999/11/29 v1.2d Bold Symbols
\pmbraise@=\dimen142
) (/Users/hannahschweren/Library/TinyTeX/texmf-dist/tex/latex/amsmath/amsopn.sty
Package: amsopn 2022/04/08 v2.04 operator names
)
\inf@bad=\count195
LaTeX Info: Redefining \frac on input line 234.
\uproot@=\count196
\leftroot@=\count197
LaTeX Info: Redefining \overline on input line 399.
LaTeX Info: Redefining \colon on input line 410.
\classnum@=\count198
\DOTSCASE@=\count199
LaTeX Info: Redefining \ldots on input line 496.
LaTeX Info: Redefining \dots on input line 499.
LaTeX Info: Redefining \cdots on input line 620.
\Mathstrutbox@=\box51
\strutbox@=\box52
LaTeX Info: Redefining \big on input line 722.
LaTeX Info: Redefining \Big on input line 723.
LaTeX Info: Redefining \bigg on input line 724.
LaTeX Info: Redefining \Bigg on input line 725.
\big@size=\dimen143
LaTeX Font Info:    Redeclaring font encoding OML on input line 743.
LaTeX Font Info:    Redeclaring font encoding OMS on input line 744.
\macc@depth=\count266
LaTeX Info: Redefining \bmod on input line 905.
LaTeX Info: Redefining \pmod on input line 910.
LaTeX Info: Redefining \smash on input line 940.
LaTeX Info: Redefining \relbar on input line 970.
LaTeX Info: Redefining \Relbar on input line 971.
\c@MaxMatrixCols=\count267
\dotsspace@=\muskip16
\c@parentequation=\count268
\dspbrk@lvl=\count269
\tag@help=\toks18
\row@=\count270
\column@=\count271
\maxfields@=\count272
\andhelp@=\toks19
\eqnshift@=\dimen144
\alignsep@=\dimen145
\tagshift@=\dimen146
\tagwidth@=\dimen147
\totwidth@=\dimen148
\lineht@=\dimen149
\@envbody=\toks20
\multlinegap=\skip51
\multlinetaggap=\skip52
\mathdisplay@stack=\toks21
LaTeX Info: Redefining \[ on input line 2953.
LaTeX Info: Redefining \] on input line 2954.
) (/Users/hannahschweren/Library/TinyTeX/texmf-dist/tex/latex/amsfonts/amssymb.sty
Package: amssymb 2013/01/14 v3.01 AMS font symbols
(/Users/hannahschweren/Library/TinyTeX/texmf-dist/tex/latex/amsfonts/amsfonts.sty
Package: amsfonts 2013/01/14 v3.01 Basic AMSFonts support
\symAMSa=\mathgroup4
\symAMSb=\mathgroup5
LaTeX Font Info:    Redeclaring math symbol \hbar on input line 98.
LaTeX Font Info:    Overwriting math alphabet `\mathfrak' in version `bold'
(Font)                  U/euf/m/n --> U/euf/b/n on input line 106.
)) (/Users/hannahschweren/Library/TinyTeX/texmf-dist/tex/generic/iftex/iftex.sty
Package: iftex 2022/02/03 v1.0f TeX engine tests
) (/Users/hannahschweren/Library/TinyTeX/texmf-dist/tex/latex/base/fontenc.sty
Package: fontenc 2021/04/29 v2.0v Standard LaTeX package
) (/Users/hannahschweren/Library/TinyTeX/texmf-dist/tex/latex/base/inputenc.sty
Package: inputenc 2021/02/14 v1.3d Input encoding file
\inpenc@prehook=\toks22
\inpenc@posthook=\toks23
) (/Users/hannahschweren/Library/TinyTeX/texmf-dist/tex/latex/base/textcomp.sty
Package: textcomp 2020/02/02 v2.0n Standard LaTeX package
) (/Users/hannahschweren/Library/TinyTeX/texmf-dist/tex/latex/lm/lmodern.sty
Package: lmodern 2015/05/01 v1.6.1 Latin Modern Fonts
LaTeX Font Info:    Overwriting symbol font `operators' in version `normal'
(Font)                  OT1/cmr/m/n --> OT1/lmr/m/n on input line 22.
LaTeX Font Info:    Overwriting symbol font `letters' in version `normal'
(Font)                  OML/cmm/m/it --> OML/lmm/m/it on input line 23.
LaTeX Font Info:    Overwriting symbol font `symbols' in version `normal'
(Font)                  OMS/cmsy/m/n --> OMS/lmsy/m/n on input line 24.
LaTeX Font Info:    Overwriting symbol font `largesymbols' in version `normal'
(Font)                  OMX/cmex/m/n --> OMX/lmex/m/n on input line 25.
LaTeX Font Info:    Overwriting symbol font `operators' in version `bold'
(Font)                  OT1/cmr/bx/n --> OT1/lmr/bx/n on input line 26.
LaTeX Font Info:    Overwriting symbol font `letters' in version `bold'
(Font)                  OML/cmm/b/it --> OML/lmm/b/it on input line 27.
LaTeX Font Info:    Overwriting symbol font `symbols' in version `bold'
(Font)                  OMS/cmsy/b/n --> OMS/lmsy/b/n on input line 28.
LaTeX Font Info:    Overwriting symbol font `largesymbols' in version `bold'
(Font)                  OMX/cmex/m/n --> OMX/lmex/m/n on input line 29.
LaTeX Font Info:    Overwriting math alphabet `\mathbf' in version `normal'
(Font)                  OT1/cmr/bx/n --> OT1/lmr/bx/n on input line 31.
LaTeX Font Info:    Overwriting math alphabet `\mathsf' in version `normal'
(Font)                  OT1/cmss/m/n --> OT1/lmss/m/n on input line 32.
LaTeX Font Info:    Overwriting math alphabet `\mathit' in version `normal'
(Font)                  OT1/cmr/m/it --> OT1/lmr/m/it on input line 33.
LaTeX Font Info:    Overwriting math alphabet `\mathtt' in version `normal'
(Font)                  OT1/cmtt/m/n --> OT1/lmtt/m/n on input line 34.
LaTeX Font Info:    Overwriting math alphabet `\mathbf' in version `bold'
(Font)                  OT1/cmr/bx/n --> OT1/lmr/bx/n on input line 35.
LaTeX Font Info:    Overwriting math alphabet `\mathsf' in version `bold'
(Font)                  OT1/cmss/bx/n --> OT1/lmss/bx/n on input line 36.
LaTeX Font Info:    Overwriting math alphabet `\mathit' in version `bold'
(Font)                  OT1/cmr/bx/it --> OT1/lmr/bx/it on input line 37.
LaTeX Font Info:    Overwriting math alphabet `\mathtt' in version `bold'
(Font)                  OT1/cmtt/m/n --> OT1/lmtt/m/n on input line 38.
) (/Users/hannahschweren/Library/TinyTeX/texmf-dist/tex/latex/xcolor/xcolor.sty
Package: xcolor 2023/11/15 v3.01 LaTeX color extensions (UK)
(/Users/hannahschweren/Library/TinyTeX/texmf-dist/tex/latex/graphics-cfg/color.cfg
File: color.cfg 2016/01/02 v1.6 sample color configuration
)
Package xcolor Info: Driver file: pdftex.def on input line 274.
(/Users/hannahschweren/Library/TinyTeX/texmf-dist/tex/latex/graphics-def/pdftex.def
File: pdftex.def 2022/09/22 v1.2b Graphics/color driver for pdftex
) (/Users/hannahschweren/Library/TinyTeX/texmf-dist/tex/latex/graphics/mathcolor.ltx)
Package xcolor Info: Model `cmy' substituted by `cmy0' on input line 1350.
Package xcolor Info: Model `hsb' substituted by `rgb' on input line 1354.
Package xcolor Info: Model `RGB' extended on input line 1366.
Package xcolor Info: Model `HTML' substituted by `rgb' on input line 1368.
Package xcolor Info: Model `Hsb' substituted by `hsb' on input line 1369.
Package xcolor Info: Model `tHsb' substituted by `hsb' on input line 1370.
Package xcolor Info: Model `HSB' substituted by `hsb' on input line 1371.
Package xcolor Info: Model `Gray' substituted by `gray' on input line 1372.
Package xcolor Info: Model `wave' substituted by `hsb' on input line 1373.
) (/Users/hannahschweren/Library/TinyTeX/texmf-dist/tex/latex/geometry/geometry.sty
Package: geometry 2020/01/02 v5.9 Page Geometry
(/Users/hannahschweren/Library/TinyTeX/texmf-dist/tex/latex/graphics/keyval.sty
Package: keyval 2022/05/29 v1.15 key=value parser (DPC)
\KV@toks@=\toks24
) (/Users/hannahschweren/Library/TinyTeX/texmf-dist/tex/generic/iftex/ifvtex.sty
Package: ifvtex 2019/10/25 v1.7 ifvtex legacy package. Use iftex instead.
)
\Gm@cnth=\count273
\Gm@cntv=\count274
\c@Gm@tempcnt=\count275
\Gm@bindingoffset=\dimen150
\Gm@wd@mp=\dimen151
\Gm@odd@mp=\dimen152
\Gm@even@mp=\dimen153
\Gm@layoutwidth=\dimen154
\Gm@layoutheight=\dimen155
\Gm@layouthoffset=\dimen156
\Gm@layoutvoffset=\dimen157
\Gm@dimlist=\toks25
) (/Users/hannahschweren/Library/TinyTeX/texmf-dist/tex/latex/fancyvrb/fancyvrb.sty
Package: fancyvrb 2024/01/20 4.5c verbatim text (tvz,hv)
\FV@CodeLineNo=\count276
\FV@InFile=\read2
\FV@TabBox=\box53
\c@FancyVerbLine=\count277
\FV@StepNumber=\count278
\FV@OutFile=\write3
) (/Users/hannahschweren/Library/TinyTeX/texmf-dist/tex/latex/framed/framed.sty
Package: framed 2011/10/22 v 0.96: framed or shaded text with page breaks
\OuterFrameSep=\skip53
\fb@frw=\dimen158
\fb@frh=\dimen159
\FrameRule=\dimen160
\FrameSep=\dimen161
) (/Users/hannahschweren/Library/TinyTeX/texmf-dist/tex/latex/graphics/graphicx.sty
Package: graphicx 2021/09/16 v1.2d Enhanced LaTeX Graphics (DPC,SPQR)
(/Users/hannahschweren/Library/TinyTeX/texmf-dist/tex/latex/graphics/graphics.sty
Package: graphics 2022/03/10 v1.4e Standard LaTeX Graphics (DPC,SPQR)
(/Users/hannahschweren/Library/TinyTeX/texmf-dist/tex/latex/graphics/trig.sty
Package: trig 2021/08/11 v1.11 sin cos tan (DPC)
) (/Users/hannahschweren/Library/TinyTeX/texmf-dist/tex/latex/graphics-cfg/graphics.cfg
File: graphics.cfg 2016/06/04 v1.11 sample graphics configuration
)
Package graphics Info: Driver file: pdftex.def on input line 107.
)
\Gin@req@height=\dimen162
\Gin@req@width=\dimen163
) (/Users/hannahschweren/Library/TinyTeX/texmf-dist/tex/latex/hyperref/hyperref.sty
Package: hyperref 2024-01-20 v7.01h Hypertext links for LaTeX
(/Users/hannahschweren/Library/TinyTeX/texmf-dist/tex/latex/kvsetkeys/kvsetkeys.sty
Package: kvsetkeys 2022-10-05 v1.19 Key value parser (HO)
) (/Users/hannahschweren/Library/TinyTeX/texmf-dist/tex/generic/kvdefinekeys/kvdefinekeys.sty
Package: kvdefinekeys 2019-12-19 v1.6 Define keys (HO)
) (/Users/hannahschweren/Library/TinyTeX/texmf-dist/tex/generic/pdfescape/pdfescape.sty
Package: pdfescape 2019/12/09 v1.15 Implements pdfTeX's escape features (HO)
(/Users/hannahschweren/Library/TinyTeX/texmf-dist/tex/generic/ltxcmds/ltxcmds.sty
Package: ltxcmds 2023-12-04 v1.26 LaTeX kernel commands for general use (HO)
) (/Users/hannahschweren/Library/TinyTeX/texmf-dist/tex/generic/pdftexcmds/pdftexcmds.sty
Package: pdftexcmds 2020-06-27 v0.33 Utility functions of pdfTeX for LuaTeX (HO)
(/Users/hannahschweren/Library/TinyTeX/texmf-dist/tex/generic/infwarerr/infwarerr.sty
Package: infwarerr 2019/12/03 v1.5 Providing info/warning/error messages (HO)
)
Package pdftexcmds Info: \pdf@primitive is available.
Package pdftexcmds Info: \pdf@ifprimitive is available.
Package pdftexcmds Info: \pdfdraftmode found.
)) (/Users/hannahschweren/Library/TinyTeX/texmf-dist/tex/latex/hycolor/hycolor.sty
Package: hycolor 2020-01-27 v1.10 Color options for hyperref/bookmark (HO)
) (/Users/hannahschweren/Library/TinyTeX/texmf-dist/tex/latex/auxhook/auxhook.sty
Package: auxhook 2019-12-17 v1.6 Hooks for auxiliary files (HO)
) (/Users/hannahschweren/Library/TinyTeX/texmf-dist/tex/latex/hyperref/nameref.sty
Package: nameref 2023-11-26 v2.56 Cross-referencing by name of section
(/Users/hannahschweren/Library/TinyTeX/texmf-dist/tex/latex/refcount/refcount.sty
Package: refcount 2019/12/15 v3.6 Data extraction from label references (HO)
) (/Users/hannahschweren/Library/TinyTeX/texmf-dist/tex/generic/gettitlestring/gettitlestring.sty
Package: gettitlestring 2019/12/15 v1.6 Cleanup title references (HO)
(/Users/hannahschweren/Library/TinyTeX/texmf-dist/tex/latex/kvoptions/kvoptions.sty
Package: kvoptions 2022-06-15 v3.15 Key value format for package options (HO)
))
\c@section@level=\count279
) (/Users/hannahschweren/Library/TinyTeX/texmf-dist/tex/latex/etoolbox/etoolbox.sty
Package: etoolbox 2020/10/05 v2.5k e-TeX tools for LaTeX (JAW)
\etb@tempcnta=\count280
)
\@linkdim=\dimen164
\Hy@linkcounter=\count281
\Hy@pagecounter=\count282
(/Users/hannahschweren/Library/TinyTeX/texmf-dist/tex/latex/hyperref/pd1enc.def
File: pd1enc.def 2024-01-20 v7.01h Hyperref: PDFDocEncoding definition (HO)
Now handling font encoding PD1 ...
... no UTF-8 mapping file for font encoding PD1
) (/Users/hannahschweren/Library/TinyTeX/texmf-dist/tex/generic/intcalc/intcalc.sty
Package: intcalc 2019/12/15 v1.3 Expandable calculations with integers (HO)
)
\Hy@SavedSpaceFactor=\count283
(/Users/hannahschweren/Library/TinyTeX/texmf-dist/tex/latex/hyperref/puenc.def
File: puenc.def 2024-01-20 v7.01h Hyperref: PDF Unicode definition (HO)
Now handling font encoding PU ...
... no UTF-8 mapping file for font encoding PU
)
Package hyperref Info: Option `unicode' set `true' on input line 4062.
Package hyperref Info: Hyper figures OFF on input line 4179.
Package hyperref Info: Link nesting OFF on input line 4184.
Package hyperref Info: Hyper index ON on input line 4187.
Package hyperref Info: Plain pages OFF on input line 4194.
Package hyperref Info: Backreferencing OFF on input line 4199.
Package hyperref Info: Implicit mode ON; LaTeX internals redefined.
Package hyperref Info: Bookmarks ON on input line 4446.
\c@Hy@tempcnt=\count284
(/Users/hannahschweren/Library/TinyTeX/texmf-dist/tex/latex/url/url.sty
\Urlmuskip=\muskip17
Package: url 2013/09/16  ver 3.4  Verb mode for urls, etc.
)
LaTeX Info: Redefining \url on input line 4784.
\XeTeXLinkMargin=\dimen165
(/Users/hannahschweren/Library/TinyTeX/texmf-dist/tex/generic/bitset/bitset.sty
Package: bitset 2019/12/09 v1.3 Handle bit-vector datatype (HO)
(/Users/hannahschweren/Library/TinyTeX/texmf-dist/tex/generic/bigintcalc/bigintcalc.sty
Package: bigintcalc 2019/12/15 v1.5 Expandable calculations on big integers (HO)
))
\Fld@menulength=\count285
\Field@Width=\dimen166
\Fld@charsize=\dimen167
Package hyperref Info: Hyper figures OFF on input line 6063.
Package hyperref Info: Link nesting OFF on input line 6068.
Package hyperref Info: Hyper index ON on input line 6071.
Package hyperref Info: backreferencing OFF on input line 6078.
Package hyperref Info: Link coloring OFF on input line 6083.
Package hyperref Info: Link coloring with OCG OFF on input line 6088.
Package hyperref Info: PDF/A mode OFF on input line 6093.
(/Users/hannahschweren/Library/TinyTeX/texmf-dist/tex/latex/base/atbegshi-ltx.sty
Package: atbegshi-ltx 2021/01/10 v1.0c Emulation of the original atbegshi
package with kernel methods
)
\Hy@abspage=\count286
\c@Item=\count287
\c@Hfootnote=\count288
)
Package hyperref Info: Driver (autodetected): hpdftex.
(/Users/hannahschweren/Library/TinyTeX/texmf-dist/tex/latex/hyperref/hpdftex.def
File: hpdftex.def 2024-01-20 v7.01h Hyperref driver for pdfTeX
(/Users/hannahschweren/Library/TinyTeX/texmf-dist/tex/latex/base/atveryend-ltx.sty
Package: atveryend-ltx 2020/08/19 v1.0a Emulation of the original atveryend package
with kernel methods
)
\Fld@listcount=\count289
\c@bookmark@seq@number=\count290
(/Users/hannahschweren/Library/TinyTeX/texmf-dist/tex/latex/rerunfilecheck/rerunfilecheck.sty
Package: rerunfilecheck 2022-07-10 v1.10 Rerun checks for auxiliary files (HO)
(/Users/hannahschweren/Library/TinyTeX/texmf-dist/tex/generic/uniquecounter/uniquecounter.sty
Package: uniquecounter 2019/12/15 v1.4 Provide unlimited unique counter (HO)
)
Package uniquecounter Info: New unique counter `rerunfilecheck' on input line 285.
)
\Hy@SectionHShift=\skip54
)
LaTeX Font Info:    Trying to load font information for T1+lmr on input line 113.
(/Users/hannahschweren/Library/TinyTeX/texmf-dist/tex/latex/lm/t1lmr.fd
File: t1lmr.fd 2015/05/01 v1.6.1 Font defs for Latin Modern
) (/Users/hannahschweren/Library/TinyTeX/texmf-dist/tex/latex/l3backend/l3backend-pdftex.def
File: l3backend-pdftex.def 2024-01-04 L3 backend support: PDF output (pdfTeX)
\l__color_backend_stack_int=\count291
\l__pdf_internal_box=\box54
)
No file Data_Report.aux.
\openout1 = `Data_Report.aux'.

LaTeX Font Info:    Checking defaults for OML/cmm/m/it on input line 113.
LaTeX Font Info:    ... okay on input line 113.
LaTeX Font Info:    Checking defaults for OMS/cmsy/m/n on input line 113.
LaTeX Font Info:    ... okay on input line 113.
LaTeX Font Info:    Checking defaults for OT1/cmr/m/n on input line 113.
LaTeX Font Info:    ... okay on input line 113.
LaTeX Font Info:    Checking defaults for T1/cmr/m/n on input line 113.
LaTeX Font Info:    ... okay on input line 113.
LaTeX Font Info:    Checking defaults for TS1/cmr/m/n on input line 113.
LaTeX Font Info:    ... okay on input line 113.
LaTeX Font Info:    Checking defaults for OMX/cmex/m/n on input line 113.
LaTeX Font Info:    ... okay on input line 113.
LaTeX Font Info:    Checking defaults for U/cmr/m/n on input line 113.
LaTeX Font Info:    ... okay on input line 113.
LaTeX Font Info:    Checking defaults for PD1/pdf/m/n on input line 113.
LaTeX Font Info:    ... okay on input line 113.
LaTeX Font Info:    Checking defaults for PU/pdf/m/n on input line 113.
LaTeX Font Info:    ... okay on input line 113.
(/Users/hannahschweren/Library/TinyTeX/texmf-dist/tex/latex/epstopdf-pkg/epstopdf-base.sty
Package: epstopdf-base 2020-01-24 v2.11 Base part for package epstopdf
Package epstopdf-base Info: Redefining graphics rule for `.eps' on input line 485.
(/Users/hannahschweren/Library/TinyTeX/texmf-dist/tex/latex/latexconfig/epstopdf-sys.cfg
File: epstopdf-sys.cfg 2010/07/13 v1.3 Configuration of (r)epstopdf for TeX Live
))
*geometry* driver: auto-detecting
*geometry* detected driver: pdftex
*geometry* verbose mode - [ preamble ] result:
* driver: pdftex
* paper: <default>
* layout: <same size as paper>
* layoutoffset:(h,v)=(0.0pt,0.0pt)
* modes: 
* h-part:(L,W,R)=(72.26999pt, 469.75502pt, 72.26999pt)
* v-part:(T,H,B)=(72.26999pt, 650.43001pt, 72.26999pt)
* \paperwidth=614.295pt
* \paperheight=794.96999pt
* \textwidth=469.75502pt
* \textheight=650.43001pt
* \oddsidemargin=0.0pt
* \evensidemargin=0.0pt
* \topmargin=-37.0pt
* \headheight=12.0pt
* \headsep=25.0pt
* \topskip=10.0pt
* \footskip=30.0pt
* \marginparwidth=65.0pt
* \marginparsep=11.0pt
* \columnsep=10.0pt
* \skip\footins=9.0pt plus 4.0pt minus 2.0pt
* \hoffset=0.0pt
* \voffset=0.0pt
* \mag=1000
* \@twocolumnfalse
* \@twosidefalse
* \@mparswitchfalse
* \@reversemarginfalse
* (1in=72.27pt=25.4mm, 1cm=28.453pt)

Package hyperref Info: Link coloring OFF on input line 113.
\@outlinefile=\write4
\openout4 = `Data_Report.out'.

LaTeX Font Info:    Trying to load font information for OT1+lmr on input line 115.
(/Users/hannahschweren/Library/TinyTeX/texmf-dist/tex/latex/lm/ot1lmr.fd
File: ot1lmr.fd 2015/05/01 v1.6.1 Font defs for Latin Modern
)
LaTeX Font Info:    Trying to load font information for OML+lmm on input line 115.
(/Users/hannahschweren/Library/TinyTeX/texmf-dist/tex/latex/lm/omllmm.fd
File: omllmm.fd 2015/05/01 v1.6.1 Font defs for Latin Modern
)
LaTeX Font Info:    Trying to load font information for OMS+lmsy on input line 115.
(/Users/hannahschweren/Library/TinyTeX/texmf-dist/tex/latex/lm/omslmsy.fd
File: omslmsy.fd 2015/05/01 v1.6.1 Font defs for Latin Modern
)
LaTeX Font Info:    Trying to load font information for OMX+lmex on input line 115.
(/Users/hannahschweren/Library/TinyTeX/texmf-dist/tex/latex/lm/omxlmex.fd
File: omxlmex.fd 2015/05/01 v1.6.1 Font defs for Latin Modern
)
LaTeX Font Info:    External font `lmex10' loaded for size
(Font)              <12> on input line 115.
LaTeX Font Info:    External font `lmex10' loaded for size
(Font)              <8> on input line 115.
LaTeX Font Info:    External font `lmex10' loaded for size
(Font)              <6> on input line 115.
LaTeX Font Info:    Trying to load font information for U+msa on input line 115.
(/Users/hannahschweren/Library/TinyTeX/texmf-dist/tex/latex/amsfonts/umsa.fd
File: umsa.fd 2013/01/14 v3.01 AMS symbols A
)
LaTeX Font Info:    Trying to load font information for U+msb on input line 115.
(/Users/hannahschweren/Library/TinyTeX/texmf-dist/tex/latex/amsfonts/umsb.fd
File: umsb.fd 2013/01/14 v3.01 AMS symbols B
)
LaTeX Font Info:    Trying to load font information for T1+lmtt on input line 117.
(/Users/hannahschweren/Library/TinyTeX/texmf-dist/tex/latex/lm/t1lmtt.fd
File: t1lmtt.fd 2015/05/01 v1.6.1 Font defs for Latin Modern
)
LaTeX Font Info:    Font shape `T1/lmtt/bx/n' in size <10> not available
(Font)              Font shape `T1/lmtt/b/n' tried instead on input line 120.

LaTeX Font Warning: Font shape `T1/lmtt/bx/it' in size <10> not available
(Font)              Font shape `T1/lmtt/b/sl' tried instead on input line 166.

LaTeX Font Info:    Trying to load font information for TS1+lmtt on input line 179.
(/Users/hannahschweren/Library/TinyTeX/texmf-dist/tex/latex/lm/ts1lmtt.fd
File: ts1lmtt.fd 2015/05/01 v1.6.1 Font defs for Latin Modern
) [1

{/Users/hannahschweren/Library/TinyTeX/texmf-var/fonts/map/pdftex/updmap/pdftex.map}{/Users/hannahschweren/Library/TinyTeX/texmf-dist/fonts/enc/dvips/lm/lm-ec.enc}] [2{/Users/hannahschweren/Library/TinyTeX/texmf-dist/fonts/enc/dvips/lm/lm-ts1.enc}] [3] [4] [5]
Overfull \hbox (32458.14928pt too wide) in paragraph at lines 492--492
[]\T1/lmtt/m/n/10 ##                                                                                                                                                                                                                                                                                                                                                                                                                                                                                                                                                                                                                                                                                                                                                                                                                                                                                                                                                                                                                                                                                                                                                                                                                                                                                                                                                                                                                                                                                                                                                                                                                                                                                                                                                                                                                                                                                                                                                                                                                                                                                                                                                                                                                                                                                                                                                                                                                                                                                                                                                                                                                                                                                                                                                                                                                                                                                                                                                                                                                                                                                                                                                                                                                                                                                                                                                                                                                                                                                                                                                                                                                                                                                                                                                                                                                                                                                                                                                                                                                                                                                                                                                                                                                                                                                                                                                                                                                                                                                                                                                                                                                                                                                                                                                                                                                                                                                                                                                                                                                                                                                                                                                                                                                                                                                                                                                                                                                                                                                                                                                                                                                                                                                                                                                                                                                                                                                                                                                                                                                                                                                                                                                                                                                                                                                                                                                                                                                                                                                                                    plain_text[] 
 []


Overfull \hbox (32458.14928pt too wide) in paragraph at lines 492--492
[]\T1/lmtt/m/n/10 ## 1                                                                                                                                                                                                                                                                                                                                                                                                                                                                                                                                                                                                                                                                                                                                                                                                                                                                                                                                                                                                                                                                                                                                                                                                                                                                                                                                                                                                                                                                                                                                                                                                                                                                                                                                                                                                                                                                                                                                                                                                                                                                                                                                                                                                                                                          Achim Groÿmann (* 17. April 1947 in Aachen; \TS1/lmtt/m/n/10 „ \T1/lmtt/m/n/10 14. April 2023 in Würselen[1]) war ein deutscher Politiker (SPD). Er war von 1998 bis 2009 Parlamentarischer Staatssekretär beim Bundesminister für Verkehr, Bau- und Wohnungswesen bzw. ab 2005 Bundesminister für Verkehr, Bau und Stadtentwicklung.\n\nInhaltsverzeichnis\n1 Leben und Beruf\n2 Partei\n3 Abgeordneter\n4 Öffentliche Ämter\n5 Kabinette\n6 Veröffentlichungen\n7 Auszeichnungen\n8 Weblinks\n9 Einzelnachweise\n\n\nLeben und Beruf[Bearbeiten | Quelltext bearbeiten]\nNach dem Abitur 1966 am Kaiser-Karls-Gymnasium in Aachen absolvierte Groÿmann ein Studium der Psychologie an der TH Aachen, welches er 1972 als Diplom-Psychologe beendete. Er war dann bis 1986 als Erziehungsberater an der Beratungsstelle für Eltern, Kinder und Jugendliche in Alsdorf tätig, seit 1979 als deren Leiter. Parallel dazu hat er einige Semester als Dozent für Verwaltungspsychologie an der Fachhochschule für öffentliche Verwaltung in Aachen gearbeitet.\nAchim Groÿmann war geschieden und hatte zwei Kinder.\n\nPartei[Bearbeiten | Quelltext bearbeiten]\nSeit 1971 war er Mitglied der SPD. Von 1982 bis 1996 war er Vorsitzender des SPD-Unterbezirks Kreis Aachen und gehörte von 1983 bis 1995 dem SPD-Bezirksvorstand Mittelrhein an.\n\nAbgeordneter[Bearbeiten | Quelltext bearbeiten]\nVon 1975 bis 1998 war Groÿmann Ratsherr der Stadt Würselen.\nVon 1987 bis 2009 war er Mitglied des Deutschen Bundestages. Hier gehörte er von 1991 bis 1998 als wohnungspolitischer Sprecher dem Vorstand der SPD-Bundestagsfraktion an.\nAchim Groÿmann war stets als direkt gewählter Abgeordneter des Wahlkreises Kreis Aachen in den Bundestag eingezogen. Bei der Bundestagswahl 2005 erreichte er hier 46,0 % der Erststimmen. Bei der Bundestagswahl 2009 bewarb sich Groÿmann nicht mehr um ein Mandat.[2]\nÖffentliche Ämter[Bearbeiten | Quelltext bearbeiten]\nNach der Bundestagswahl 1998 wurde er am 27. Oktober 1998 als Parlamentarischer Staatssekretär beim Bundesminister für Verkehr, Bau- und Wohnungswesen in die von Bundeskanzler Gerhard Schröder geführte Bundesregierung berufen. Nach Bildung der Groÿen Koalition unter Bundeskanzlerin Angela Merkel wurde das Ministerium umbenannt in Bundesministerium für Verkehr, Bau und Stadtentwicklung. Nach der Bundestagswahl 2009 und dem folgenden Regierungswechsel schied Groÿmann im Oktober 2009 aus dem Amt. In den elf Jahren seiner Tätigkeit diente er unter fünf verschiedenen Bau- und Verkehrsministern.[2]Als Parlamentarischer Staatssekretär war Achim Groÿmann Aufsichtsratsmitglied der Deutschen Bahn und an den Vorbereitungen des Börsengangs beteiligt.\n\nKabinette[Bearbeiten | Quelltext bearbeiten]\nKabinett Schröder I ^^U Kabinett Schröder II ^^U Kabinett Merkel IVeröffentlichungen[Bearbeiten | Quelltext bearbeiten]\nWürselen ^^U Geschichte(n) in alten Bildern. \nWürselener Ansichten. 1. Auflage. Buchhandlung Martin Schulz, Würselen 1987 (zusammen mit Josef Amberg). \nDie rothen Gesellen im schwarzen Westen. Die frühe Geschichte der sozialdemokratischen Bewegung in der Aachener Region. Hahne & Schloemer Verlag, Düren 2014, ISBN 978-3-942513-24-1. \nZigarren aus Würselen. Hahne & Schloemer Verlag, Düren 2015. Auszeichnungen[Bearbeiten | Quelltext bearbeiten]\n2009 ^^U Weinritter ^^U Auszeichnung der Stadt Oppenheim\n2015 ^^U Baesweiler-Löwe\n2015 ^^U Rheinlandtaler des Landschaftsverbandes Rheinland (LVR)Weblinks[Bearbeiten | Quelltext bearbeiten]\nLiteratur von und über Achim Groÿmann im Katalog der Deutschen Nationalbibliothek\nBiographie beim Deutschen BundestagEinzelnachweise[Bearbeiten | Quelltext bearbeiten]\n\TS1/lmtt/m/n/10 ^ \T1/lmtt/m/n/10 Ehemaliger Staatssekretär Achim Groÿmann ist gestorben, in: Aachener Zeitung vom 18. April 2023\n\n\TS1/lmtt/m/n/10 ^ \T1/lmtt/m/n/10 ab Verkehrsrundschau.de: Verkehrs-Staatssekretär Groÿmann tritt ab. 9. Juli 2008\n\nNormdaten (Person): GND: 1030018618 (lobid, OGND, AKS)  | LCCN: no2016104338  | VIAF: 295874549 | Wikipedia-Personensuche\nPersonendaten\nNAME\n\nGroÿmann, Achim\nKURZBESCHREIBUNG\n\ndeutscher Politiker (SPD), MdB\nGEBURTSDATUM\n\n17. April 1947\nGEBURTSORT\n\nAachen\nSTERBEDATUM\n\n14. April 2023\nSTERBEORT\n\nWürselen\n[] 
 []


Overfull \hbox (32458.14928pt too wide) in paragraph at lines 492--492
[]\T1/lmtt/m/n/10 ## 2                                                                                                                                                                                                                                                                                                                                                                                                                                                                                                                                                                                                                                                                                                                                                                                                                                                                                                                                                                                           Achim Kessler (2019)Achim Dieter Kessler (* 2. August 1964[1] in St. Georgen im Schwarzwald) ist ein deutscher Politiker (Die Linke). Von 2017 bis 2021 war er Mitglied des Deutschen Bundestags.\n\nInhaltsverzeichnis\n1 Leben\n2 Politik\n3 Schriften\n4 Weblinks\n5 Einzelnachweise\n\n\nLeben[Bearbeiten | Quelltext bearbeiten]\nNach dem Zivildienst in der Arbeiterwohlfahrt Villingen-Schwenningen 1986 folgte ein Studium der Neueren Deutschen Literatur und der Medienwissenschaften sowie der Wirtschafts- und Sozialgeschichte in Marburg. Während seines Studiums war Kessler Mitglied des Marxistischen Studentenbundes Spartakus und wurde in deren Bundesvorstand gewählt.[2] 1993 wurde er Mitglied im Vorstand des Lesben- und Schwulenverbandes Hessen und 1993^^U1994 Vorsitzender des AStA der Universität Marburg. 1998 wurde Kessler Vorstandsmitglied der AIDS-Hilfe Marburg e.V.\n2004 schloss er eine Promotion über Ernst Bloch an der Freien Universität Berlin ab.[3] Seit 2005 war er Wahlkreismitarbeiter des Bundestagsabgeordneten Wolfgang Gehrcke und seitdem Landespressesprecher der PDS von Hessen, später Die Linke. Hessen, wo er von 2010 bis 2014 stellvertretender Landesvorsitzender wurde. Von 2006 bis 2011 war Kessler ehrenamtlicher Stadtrat der Stadt Frankfurt am Main.[4]\nPolitik[Bearbeiten | Quelltext bearbeiten]\nNach Aktivitäten in der akademischen Selbstverwaltung und in der LGBT-Bewegung trat Achim Kessler 2001 der PDS bei. 2008 kandidierte er im Wahlkreis Main-Taunus I,[5] wo er 2,5 % der abgegebenen Stimmen erreichte. Zur Landtagswahl 2009 kandidierte er wieder als Direktkandidat im Wahlkreis 32.[6] Als Kandidat beschäftigte er sich vor allem mit sozialpolitischen Themen und dem Rentensystem.[7]\nBei der Bundestagswahl 2017 zog er über die Liste seiner Partei in den Deutschen Bundestag ein.\nIm 19. Deutschen Bundestag war Kessler Obmann des Ausschusses für Gesundheit und gehörte als stellvertretendes Mitglied dem Ausschuss für wirtschaftliche Zusammenarbeit und Entwicklung sowie dem Unterausschuss Globale Gesundheit an.[8]\nBei der Bundestagswahl 2021 gelang Kessler nicht der erneute Einzug als Abgeordneter in den Bundestag.[9] Im April 2022 berichtete Der Spiegel über Vorwürfe von Machtmissbrauch und sexuellen Übergriffen innerhalb des hessischen Landesverbands der Partei. Ein junger Mann erhob den Vorwurf, Kessler habe ihn im Oktober 2018 sexuell bedrängt. Kessler bestreitet diese Darstellung.[10] Am 11. Mai 2022 urteilte das Landgericht Wiesbaden, dass der Vorwurf gegen Achim Kessler nicht wiederholt werden darf, weil dem Gericht die vorgebrachten Belege nicht reichten.[11]\nSchriften[Bearbeiten | Quelltext bearbeiten]\n^^RSchafft die Einheit!^^P: die Figurenkonstellation in der ^^RÄsthetik des Widerstands^^P von Peter Weiss. In: Edition Philosophie und Sozialwissenschaften. Band 44. Argument, Berlin und Hamburg 1997, ISBN 3-88619-644-5, doi:10.1007/978-3-322-89585-1_13. \nErnst Blochs Ästhetik: Fragment, Montage, Metapher. Königshausen und Neumann, Würzburg 2006, ISBN 3-8260-3178-4. Weblinks[Bearbeiten | Quelltext bearbeiten]\nCommons: Achim Kessler ^^U Sammlung von Bildern\nBiographie beim Deutschen Bundestag\nWebsite von Achim Kessler als Bundestagsabgeordneter (Stand 2021)\nAchim Kessler auf abgeordnetenwatch.deEinzelnachweise[Bearbeiten | Quelltext bearbeiten]\n\TS1/lmtt/m/n/10 ^ \T1/lmtt/m/n/10 Biographie beim Deutschen Bundestag\n\n\TS1/lmtt/m/n/10 ^ \T1/lmtt/m/n/10 Über mich ^^U Achim KesslerbodybodybodyOriginal (nicht mehr online verfügbar) am 26. September 2017; abgerufen am 26. September 2017.  Info: Der Archivlink wurde automatisch eingesetzt und noch nicht geprüft. Bitte prüfe Original- und Archivlink gemäÿ Anleitung und entferne dann diesen Hinweis.@1@2Vorlage:Webachiv/IABot/www.achim-kessler.de \n\n\TS1/lmtt/m/n/10 ^ \T1/lmtt/m/n/10 Achim Kessler: Ernst Blochs Ästhetik. Fragment, Montage, Metapher. Königshausen & Neumann. Würzburg 2006 ISBN 978-3-8260-3178-6\n\n\TS1/lmtt/m/n/10 ^ \T1/lmtt/m/n/10 Achim Kessler bei Stadt Frankfurt (Memento des Originals vom 1. Dezember 2021 im Internet Archive)  Info: Der Archivlink wurde automatisch eingesetzt und noch nicht geprüft. Bitte prüfe Original- und Archivlink gemäÿ Anleitung und entferne dann diesen Hinweis.@1@2Vorlage:Webachiv/IABot/frankfurt.de\n\n\TS1/lmtt/m/n/10 ^ \T1/lmtt/m/n/10 Abgeordnetenwatch\n\n\TS1/lmtt/m/n/10 ^ \T1/lmtt/m/n/10 Frankfurter Rundschau: 6. Januar 2009\n\n\TS1/lmtt/m/n/10 ^ \T1/lmtt/m/n/10 Osthessen-Zeitung vom 21. April 2017\n\n\TS1/lmtt/m/n/10 ^ \T1/lmtt/m/n/10 Deutscher Bundestag - Abgeordnete. Abgerufen am 29. Juli 2020. \n\n\TS1/lmtt/m/n/10 ^ \T1/lmtt/m/n/10 Gesundheitspolitiker im neuen Bundestag, 27. September 2021\n\n\TS1/lmtt/m/n/10 ^ \T1/lmtt/m/n/10 Rafael Buschmann, Sophie Garbe, Timo Lehmann, Nicola Naber, Sara Wess: (S+) Vorwurf sexueller Übergriffe bei der Linken: ^^TEntweder, wir brechen das jetzt, oder die Partei bricht^^S. In: Der Spiegel. 15. April 2022, ISSN 2195-1349 (spiegel.de [abgerufen am 29. November 2022]). \n\n\TS1/lmtt/m/n/10 ^ \T1/lmtt/m/n/10 Prozess: Erstes Urteil zu Vorwürfen sexualisierter Gewalt bei der Linken. 11. Mai 2022, abgerufen am 21. Juni 2023. \n\nNormdaten (Person):   LCCN: no98103200  | VIAF: 14920038 | Wikipedia-Personensuche | Kein GND-Personendatensatz. Letzte Überprüfung: 26. Juni 2021. | Anmerkung: viaf:14920038 verknüpft mit GND 121599523 einen falschen Datensatz. Wegen falsch verknüpfter Literatur im März 2023 der DNB gemeldet\nPersonendaten\nNAME\n\nKessler, Achim\nALTERNATIVNAMEN\n\nKessler, Achim Dieter (vollständiger Name)\nKURZBESCHREIBUNG\n\ndeutscher Politiker (Die Linke), MdB\nGEBURTSDATUM\n\n2. August 1964\nGEBURTSORT\n\nSt. Georgen im Schwarzwald\n[] 
 []


Overfull \hbox (32458.14928pt too wide) in paragraph at lines 492--492
[]\T1/lmtt/m/n/10 ## 3                                                                                                 Achim Post (2018)Achim Post (* 2. Mai 1959 in Rahden) ist ein deutscher Politiker (SPD). Er ist seit dem 26. August 2023 neben Sarah Philipp Co-Vorsitzender der SPD Nordrhein-Westfalen. \nEr war von 2002 bis 2012 stellvertretender Bundesgeschäftsführer der SPD und von 2012 bis 11. November 2023 Generalsekretär der Sozialdemokratischen Partei Europas (SPE). Seit 2013 ist er Mitglied des Deutschen Bundestages und seit 2017 ist er einer von acht stellvertretenden Vorsitzenden der SPD-Bundestagsfraktion.\n\nInhaltsverzeichnis\n1 Leben\n2 Partei\n3 Nebeneinkünfte\n4 Weblinks\n5 Einzelnachweise\n\n\nLeben[Bearbeiten | Quelltext bearbeiten]\nPost wuchs in Espelkamp auf, wo er 1978 sein Abitur am Söderblom-Gymnasium ablegte. Nach dem Zivildienst begann er 1980 ein Studium der Soziologie mit dem Schwerpunkt Öffentliche Verwaltung an der Universität Bielefeld, das er 1986 mit dem Diplom abschloss. Von 1986 bis 1990 arbeitete er als wissenschaftlicher Mitarbeiter für die Bundestagsabgeordneten Hans-Jürgen Wischnewski, Kurt Vogelsang und Dieter Heistermann und von 1990 bis 1999 war er als Referent, Büroleiter und Geschäftsführer der SPD-Gruppe im Europäischen Parlament tätig. Post ist evangelisch, verheiratet, hat zwei Kinder und lebt in Berlin. Sein Bruder ist der Filmregisseur Dietmar Post.\n\nPartei[Bearbeiten | Quelltext bearbeiten]\nEr bezeichnet Willy Brandt als prägend. Seinetwegen trat er 1976 in die SPD ein.[1] Von 1999 bis 2013 leitete er die Abteilung Internationale Politik beim SPD-Parteivorstand und von 2002 bis 2012 war er stellvertretender Bundesgeschäftsführer der SPD. Bei der Bundestagswahl 2009 kandidierte er als Direktkandidat im Bundestagswahlkreis Minden-Lübbecke I, unterlag aber dem CDU-Kandidaten Steffen Kampeter. Kampeter wurde Nachfolger von Lothar Ibrügger, der den Wahlkreis für die SPD bis 2009 vertreten hatte. Anfang Oktober 2012 wurde Post zum Generalsekretär der Sozialdemokratischen Partei Europas (SPE) gewählt.[2] Bei der Bundestagswahl 2013 kandidierte Post erneut als Direktkandidat im Wahlkreis Minden-Lübbecke I.[3] Er verlor den Wahlkreis gegen Steffen Kampeter, zog aber über die Landesliste in den Bundestag ein.[4] Am 23. September 2015 wurde Post zum Vorsitzenden der NRW-Landesgruppe in der SPD-Bundestagsfraktion gewählt.[5] Bei der Bundestagswahl 2017 gewann er im Wahlkreis Minden-Lübbecke I das Direktmandat.[6] Am 5. Dezember 2017 wurde Post zum stellvertretenden Vorsitzenden der SPD-Bundestagsfraktion für die Bereiche Europa, Haushalt und Finanzen gewählt.[7]Im 19. Deutschen Bundestag von 2017 bis 2021 war Post ordentliches Mitglied im Gemeinsamen Ausschuss. Zudem gehörte er als stellvertretendes Mitglied dem Finanzausschuss, dem Haushaltsausschuss, dem Vermittlungsausschuss, sowie dem Ausschuss für die Angelegenheiten der Europäischen Union an.[8]Am 26. August 2023 wurde er neben Sarah Philipp zum Co-Vorsitzenden der SPD Nordrhein-Westfalen gewählt.[9]\nNebeneinkünfte[Bearbeiten | Quelltext bearbeiten]\nAnfang 2014 tauchte Post auf der Liste der Bundestagsabgeordneten mit den höchsten Nebeneinkünften auf Platz elf auf. Nach Informationen von Abgeordnetenwatch.de verdiente Post zusätzlich zu seiner Tätigkeit im Parlament 75.000 Euro dazu und war damit der am besten verdienende Abgeordnete aus den Reihen der SPD-Fraktion. Grund war seine Tätigkeit als Generalsekretär der Sozialdemokratischen Partei Europas.[10] Seit Oktober 2014 übte Post die Tätigkeit unentgeltlich aus.[11]\nWeblinks[Bearbeiten | Quelltext bearbeiten]\nCommons: Achim Post ^^U Sammlung von Bildern\nPersönliche Website\nBiographie beim Deutschen Bundestag\nAchim Post auf abgeordnetenwatch.deEinzelnachweise[Bearbeiten | Quelltext bearbeiten]\n\TS1/lmtt/m/n/10 ^ \T1/lmtt/m/n/10 Lebenslauf Achim Post auf seiner Homepage\n\n\TS1/lmtt/m/n/10 ^ \T1/lmtt/m/n/10 Mindener Tageblatt, abgerufen am 4. Oktober 2012.\n\n\TS1/lmtt/m/n/10 ^ \T1/lmtt/m/n/10 Homepage Achim Post, abgerufen am 11. April 2012.\n\n\TS1/lmtt/m/n/10 ^ \T1/lmtt/m/n/10 Bundeswahlleiter: Ergebnisse Wahlkreis 134 (Memento vom 27. September 2013 im Internet Archive)\n\n\TS1/lmtt/m/n/10 ^ \T1/lmtt/m/n/10 Vorstand der NRW Landesgruppe der SPD, abgerufen am 24. September 2015.\n\n\TS1/lmtt/m/n/10 ^ \T1/lmtt/m/n/10 Friederike Niemeyer und Arndt Hoppe: Achim Post gewinnt im Mühlenkreis. In: Westfalen-Blatt. 25. September 2017 (westfalen-blatt.de [abgerufen am 25. September 2017]). \n\n\TS1/lmtt/m/n/10 ^ \T1/lmtt/m/n/10 Radio Westfalica: Post wird stellv. SPD Fraktionsvorsitzender, abgerufen am 5. Dezember 2017.\n\n\TS1/lmtt/m/n/10 ^ \T1/lmtt/m/n/10 Deutscher Bundestag - Abgeordnete. Abgerufen am 11. November 2020. \n\n\TS1/lmtt/m/n/10 ^ \T1/lmtt/m/n/10 SPD Nordrhein-Westfalen Pressemitteilung vom 26. August 2023: Sarah Philipp und Achim Post sind die neuen Vorsitzenden der NRWSPD, abgerufen am 26. August 2023\n\n\TS1/lmtt/m/n/10 ^ \T1/lmtt/m/n/10 SPIEGEL ONLINE, Hamburg Germany: Ranking der Nebeneinkünfte: Gauweiler ist Top-Verdiener im Bundestag - SPIEGEL ONLINE - Politik. Abgerufen am 4. Juni 2017. \n\n\TS1/lmtt/m/n/10 ^ \T1/lmtt/m/n/10 Achim Post, MdB - Für den Mühlenkreis Minden-Lübbecke in Berlin |   Bericht auf Abgeordnetenwatch.de. Abgerufen am 4. Juni 2017. \n\n\n\n\nAktuelle Landesvorsitzende der SPD\n\n\nBaden-Württemberg: Andreas Stoch |\nBayern: Florian von Brunn, Ronja Endres |\nBerlin: Franziska Giffey, Raed Saleh |\nBrandenburg: Dietmar Woidke |\nBremen: Reinhold Wetjen |\nHamburg: Melanie Leonhard, Nils Weiland |\nHessen: Nancy Faeser |\nMecklenburg-Vorpommern: Manuela Schwesig |\nNiedersachsen: Stephan Weil |\nNordrhein-Westfalen: Sarah Philipp, Achim Post |\nRheinland-Pfalz: Roger Lewentz |\nSaarland: Anke Rehlinger |\nSachsen: Kathrin Michel, Henning Homann |\nSachsen-Anhalt: Juliane Kleemann, Andreas Schmidt |\nSchleswig-Holstein: Serpil Midyatli |\nThüringen: Georg Maier\n\n\n\n\n\nLandesvorsitzende der SPD Nordrhein-Westfalen\n\n\nHeinz Kühn (1970^^U1973) |\nWerner Figgen (1973^^U1977) |\nJohannes Rau (1977^^U1998) |\nFranz Müntefering (1998^^U2001) |\nHarald Schartau (2001^^U2005) |\nJochen Dieckmann (2005^^U2007) |\nHannelore Kraft (2007^^U2017) |\nMichael Groschek (2017^^U2018) |\nSebastian Hartmann (2018^^U2021) |\nThomas Kutschaty (2021^^U2023) |\nMarc Herter (2023, komm.) |\nSarah Philipp und Achim Post (seit 2023)\n\n\n\n\n\nNormdaten (Person): GND: 1121690300 (lobid, OGND, AKS)    | VIAF: 209498404 | Wikipedia-Personensuche\nPersonendaten\nNAME\n\nPost, Achim\nKURZBESCHREIBUNG\n\ndeutscher Politiker (SPD), MdB\nGEBURTSDATUM\n\n2. Mai 1959\nGEBURTSORT\n\nRahden\n[] 
 []


Overfull \hbox (32458.14928pt too wide) in paragraph at lines 492--492
[]\T1/lmtt/m/n/10 ## 4                                                                                                                                                                                                                                                                                                                                                                                                                                                                                                                                                                                                                                                                                                                                                                                                                                                                                                                                                                                                                                                                                                                                                                                                                                                                                                                                                                                                                                                                                                                                                                                                                                                                                                                                                                                                                                                                                                                                                                                                                                                                                                                                                                                                                                                                                                                                                                                                                                                                                                                                                                                                                                                                                                                                                     Adelheid D. Tröscher (* 16. Februar 1939 in Berlin) ist eine deutsche Pädagogin und Politikerin (SPD). Sie war von 1994 bis 2002 Mitglied des Deutschen Bundestages.\n\nInhaltsverzeichnis\n1 Leben\n2 Politik\n3 Mitgliedschaften\n4 Literatur\n5 Weblinks\n6 Einzelnachweise\n\n\nLeben[Bearbeiten | Quelltext bearbeiten]\n\n\n\nDieser Artikel oder nachfolgende Abschnitt ist nicht hinreichend mit Belegen (beispielsweise Einzelnachweisen) ausgestattet. Angaben ohne ausreichenden Beleg könnten demnächst entfernt werden. Bitte hilf Wikipedia, indem du die Angaben recherchierst und gute Belege einfügst.\n\nTröscher besuchte das Gymnasium und die High School in Ithaca (New York). 1959 legte sie ihr Abitur ab. Anschlieÿend studierte sie Pädagogik, Geschichte und Anglistik in Marburg, Jugenheim an der Bergstraÿe und Frankfurt am Main und legte die Erste und Zweite Staatsprüfung für das Lehramt an Haupt- und Realschulen ab. 1962 wurde sie in den Schuldienst aufgenommen und von 1975 bis 1976 war sie in der Schulabteilung des Regierungspräsidiums Darmstadt tätig. Von 1986 bis 1992 war sie Leiterin der Paul-Hindemith-Gesamtschule in Frankfurt am Main. \nNach selbstbestimmtem Ausscheiden aus der Bundestagsfraktion engagiert sie sich ehrenamtlich in der SPD, besonders im Forum eine Welt, das sich mit entwicklungspolitischen Fragestellungen befasst. Auÿerdem leitet sie die Regionalgruppe Rhein-Main von Transparency International. Weiter engagiert sie sich als Vorsitzende in der Stiftung Citoyen, die das bürgerschaftliche Engagement unterstützt und sich besonders um musisch-ästhetische Bildung von Kindern und Jugendlichen kümmert.\nSie ist die Tochter von Tassilo Tröscher.\n\nPolitik[Bearbeiten | Quelltext bearbeiten]\nTröscher trat 1966 in die SPD ein. Von 1972 bis 1977, von 1981 bis 1989 und im Jahre 1991 war sie Stadtverordnete der Stadt Frankfurt am Main, von 1992 bis 1993 hauptamtliche Kreisbeigeordnete des Kreises Offenbach.\nVon November 1994 bis Oktober 2002 war Tröscher für zwei Wahlperioden Mitglied des Deutschen Bundestages. Bei der Bundestagswahl 1994 zog sie über die Landesliste der SPD ins Parlament ein, bei der Bundestagswahl 1998 gewann sie das Direktmandat im Wahlkreis 144 (Odenwald). Von 1994 bis 2002 war sie Mitglied des Ausschusses für wirtschaftliche Zusammenarbeit und Entwicklung und von 1996 bis 2002 entwicklungspolitische Sprecherin der SPD-Bundestagsfraktion.\n\nMitgliedschaften[Bearbeiten | Quelltext bearbeiten]\nTröscher ist Mitglied der GEW, der AWO, im Kinderschutzbund, in Pro Familia und von medico international. 1999 wurde sie Mitglied des Kuratoriums und des Verwaltungsausschusses der Deutschen Stiftung für internationale Entwicklung (DSE) und Mitglied der Deutschen Welthungerhilfe.[1]\nLiteratur[Bearbeiten | Quelltext bearbeiten]\nRudolf Vierhaus, Ludolf Herbst (Hrsg.), Bruno Jahn (Mitarb.): Biographisches Handbuch der Mitglieder des Deutschen Bundestages. 1949^^U2002. Bd. 2: N^^UZ. Anhang. K. G. Saur, München 2002, ISBN 3-598-23782-0, S. 885.Weblinks[Bearbeiten | Quelltext bearbeiten]\nBiographie beim Deutschen BundestagEinzelnachweise[Bearbeiten | Quelltext bearbeiten]\n\TS1/lmtt/m/n/10 ^ \T1/lmtt/m/n/10 Adelheid Tröscher. Abgeordnete der 14. Legislaturperiode. SPD-Bundestagsfraktion, abgerufen am 16. März 2017. \n\nNormdaten (Person): GND: 173187528 (lobid, OGND, AKS)    | VIAF: 241645083 | Wikipedia-Personensuche | Letzte Überprüfung: 13. Oktober 2018. GND-Namenseintrag: 118160591 (AKS)\nPersonendaten\nNAME\n\nTröscher, Adelheid\nALTERNATIVNAMEN\n\nTröscher, Adelheid D.\nKURZBESCHREIBUNG\n\ndeutsche Politikerin (SPD), MdB\nGEBURTSDATUM\n\n16. Februar 1939\nGEBURTSORT\n\nBerlin\n[] 
 []


! LaTeX Error: Unicode character Ë (U+02D0)
               not set up for use with LaTeX.

See the LaTeX manual or LaTeX Companion for explanation.
Type  H <return>  for immediate help.
 ...                                              
                                                  
l.492 \end{verbatim}
                     
Here is how much of TeX's memory you used:
 11179 strings out of 476188
 172781 string characters out of 5794263
 2044975 words of memory out of 5000000
 33007 multiletter control sequences out of 15000+600000
 587981 words of font info for 64 fonts, out of 8000000 for 9000
 14 hyphenation exceptions out of 8191
 75i,6n,79p,6426b,477s stack positions out of 10000i,1000n,20000p,200000b,200000s

!  ==> Fatal error occurred, no output PDF file produced!
